<?xml version="1.0" encoding="UTF-8"?>
<testng-results skipped="0" failed="0" total="1" passed="1">
  <reporter-output>
  </reporter-output>
  <suite name="Suite" duration-ms="18372" started-at="2020-04-22T06:37:28Z" finished-at="2020-04-22T06:37:47Z">
    <groups>
    </groups>
    <test name="Test" duration-ms="18372" started-at="2020-04-22T06:37:28Z" finished-at="2020-04-22T06:37:47Z">
      <class name="Automation.facebook">
        <test-method status="PASS" signature="testSetUp()[pri:0, instance:Automation.facebook@3ac3fd8b]" name="testSetUp" is-config="true" duration-ms="3501" started-at="2020-04-22T12:07:28Z" finished-at="2020-04-22T12:07:32Z">
          <reporter-output>
          </reporter-output>
        </test-method> <!-- testSetUp -->
        <test-method status="PASS" signature="verifyGooglePageTittle()[pri:0, instance:Automation.facebook@3ac3fd8b]" name="verifyGooglePageTittle" duration-ms="14098" started-at="2020-04-22T12:07:32Z" finished-at="2020-04-22T12:07:46Z">
          <reporter-output>
          </reporter-output>
        </test-method> <!-- verifyGooglePageTittle -->
        <test-method status="PASS" signature="tearDown()[pri:0, instance:Automation.facebook@3ac3fd8b]" name="tearDown" is-config="true" duration-ms="763" started-at="2020-04-22T12:07:46Z" finished-at="2020-04-22T12:07:47Z">
          <reporter-output>
          </reporter-output>
        </test-method> <!-- tearDown -->
      </class> <!-- Automation.facebook -->
    </test> <!-- Test -->
  </suite> <!-- Suite -->
  <suite name="Suite1" duration-ms="0" started-at="2020-04-22T06:37:47Z" finished-at="2020-04-22T06:37:47Z">
    <groups>
    </groups>
  </suite> <!-- Suite1 -->
</testng-results>
