<?xml version="1.0" encoding="UTF-8"?>
<testng-results skipped="0" failed="0" total="1" passed="1">
  <reporter-output>
  </reporter-output>
  <suite name="Suite" duration-ms="6537" started-at="2020-04-21T17:29:47Z" finished-at="2020-04-21T17:29:53Z">
    <groups>
    </groups>
    <test name="Test" duration-ms="6537" started-at="2020-04-21T17:29:47Z" finished-at="2020-04-21T17:29:53Z">
      <class name="Automation.facebook">
        <test-method status="PASS" signature="testSetUp()[pri:0, instance:Automation.facebook@3ac3fd8b]" name="testSetUp" is-config="true" duration-ms="4230" started-at="2020-04-21T22:59:47Z" finished-at="2020-04-21T22:59:51Z">
          <reporter-output>
          </reporter-output>
        </test-method> <!-- testSetUp -->
        <test-method status="PASS" signature="verifyGooglePageTittle()[pri:0, instance:Automation.facebook@3ac3fd8b]" name="verifyGooglePageTittle" duration-ms="1519" started-at="2020-04-21T22:59:51Z" finished-at="2020-04-21T22:59:53Z">
          <reporter-output>
          </reporter-output>
        </test-method> <!-- verifyGooglePageTittle -->
        <test-method status="PASS" signature="tearDown()[pri:0, instance:Automation.facebook@3ac3fd8b]" name="tearDown" is-config="true" duration-ms="776" started-at="2020-04-21T22:59:53Z" finished-at="2020-04-21T22:59:53Z">
          <reporter-output>
          </reporter-output>
        </test-method> <!-- tearDown -->
      </class> <!-- Automation.facebook -->
    </test> <!-- Test -->
  </suite> <!-- Suite -->
  <suite name="Suite1" duration-ms="0" started-at="2020-04-21T17:29:54Z" finished-at="2020-04-21T17:29:54Z">
    <groups>
    </groups>
  </suite> <!-- Suite1 -->
</testng-results>
