-------------------------------------------------------------------------------
Test set: TestSuite
-------------------------------------------------------------------------------
Tests run: 3, Failures: 1, Errors: 0, Skipped: 2, Time elapsed: 0.792 sec <<< FAILURE! - in TestSuite
testSetUp(Automation.facebook)  Time elapsed: 0.646 sec  <<< FAILURE!
java.lang.IllegalStateException: The driver executable does not exist: C:\Users\Swanka644\workspace\new\demo\chromedriver.exe
	at Automation.facebook.testSetUp(facebook.java:29)

