<?xml version="1.0" encoding="UTF-8"?>
<testng-results skipped="0" failed="0" ignored="0" total="1" passed="1">
  <reporter-output>
  </reporter-output>
  <suite name="Default suite" duration-ms="8259" started-at="2020-04-22T08:24:22Z" finished-at="2020-04-22T08:24:30Z">
    <groups>
    </groups>
    <test name="Default test" duration-ms="8259" started-at="2020-04-22T08:24:22Z" finished-at="2020-04-22T08:24:30Z">
      <class name="Automation.facebook">
        <test-method status="PASS" signature="testSetUp()[pri:0, instance:Automation.facebook@675d3402]" name="testSetUp" is-config="true" duration-ms="3375" started-at="2020-04-22T13:54:22Z" finished-at="2020-04-22T13:54:25Z">
          <reporter-output>
          </reporter-output>
        </test-method> <!-- testSetUp -->
        <test-method status="PASS" signature="verifyGooglePageTittle()[pri:0, instance:Automation.facebook@675d3402]" name="verifyGooglePageTittle" duration-ms="4235" started-at="2020-04-22T13:54:25Z" finished-at="2020-04-22T13:54:29Z">
          <reporter-output>
          </reporter-output>
        </test-method> <!-- verifyGooglePageTittle -->
        <test-method status="PASS" signature="tearDown()[pri:0, instance:Automation.facebook@675d3402]" name="tearDown" is-config="true" duration-ms="637" started-at="2020-04-22T13:54:29Z" finished-at="2020-04-22T13:54:30Z">
          <reporter-output>
          </reporter-output>
        </test-method> <!-- tearDown -->
      </class> <!-- Automation.facebook -->
    </test> <!-- Default test -->
  </suite> <!-- Default suite -->
</testng-results>
